<?xml version="1.0" encoding="UTF-8"?>
<!-- Generated by org.testng.reporters.JUnitXMLReporter -->
<testsuite ignored="0" hostname="CHFNT0008" failures="0" tests="3" name="Chrome" time="34.475" errors="0" timestamp="2022-11-10T15:32:42 UYT">
  <testcase classname="Selenium.TestNG.TestCase1" name="contactUs" time="2.212"/>
  <testcase classname="Selenium.TestNG.TestCase1" name="contactUs" time="1.235"/>
  <testcase classname="Selenium.TestNG.TestCase1" name="contactUs" time="2.886"/>
</testsuite> <!-- Chrome -->
