<?xml version="1.0" encoding="UTF-8"?>
<!-- Generated by org.testng.reporters.JUnitXMLReporter -->
<testsuite ignored="0" hostname="CHFNT0008" failures="0" tests="3" name="Firefox" time="26.35" errors="0" timestamp="2023-01-03T12:36:47 UYT">
  <testcase classname="Selenium.TestNG.TestCase1" name="fromTo" time="3.874"/>
  <testcase classname="Selenium.TestNG.TestCase1" name="selectCountry" time="10.356"/>
  <testcase classname="Selenium.TestNG.TestCase1" name="verifRadioButton" time="0.316"/>
</testsuite> <!-- Firefox -->
