<?xml version="1.0" encoding="UTF-8"?>
<!-- Generated by org.testng.reporters.JUnitXMLReporter -->
<testsuite ignored="0" hostname="CHFNT0008" failures="0" tests="3" name="Firefox" time="34.75" errors="0" timestamp="2023-01-03T13:51:26 UYT">
  <testcase classname="Selenium.TestNG.TestCase1" name="fromTo" time="3.845"/>
  <testcase classname="Selenium.TestNG.TestCase1" name="selectCountry" time="10.353"/>
  <testcase classname="Selenium.TestNG.TestCase1" name="verifRadioButton" time="0.352"/>
</testsuite> <!-- Firefox -->
