<?xml version="1.0" encoding="UTF-8"?>
<!-- Generated by org.testng.reporters.JUnitXMLReporter -->
<testsuite ignored="0" hostname="DESKTOP-59EA1U5" failures="0" tests="8" name="Test1" time="0.101" errors="0" timestamp="2022-10-18T19:58:14 ART">
  <testcase classname="Selenium.TestNG.day1" name="Zemo" time="0.009"/>
  <testcase classname="Selenium.TestNG.day1" name="SecondTest" time="0.002"/>
  <testcase classname="Selenium.TestNG.day1" name="SecondTest" time="0.002"/>
  <testcase classname="Selenium.TestNG.day2" name="ploan" time="0.002"/>
  <testcase classname="Selenium.TestNG.day2" name="ploan2" time="0.001"/>
  <testcase classname="Selenium.TestNG.day3" name="MobileLogincarLoan" time="0.002"/>
  <testcase classname="Selenium.TestNG.day3" name="MobilesignimcarLoan" time="0.002"/>
  <testcase classname="Selenium.TestNG.day3" name="WebloginCarLoan" time="0.002"/>
</testsuite> <!-- Test1 -->
