<?xml version="1.0" encoding="UTF-8"?>
<!-- Generated by org.testng.reporters.JUnitXMLReporter -->
<testsuite ignored="4" hostname="DESKTOP-59EA1U5" failures="0" tests="1" name="Test3" time="0.009" errors="0" timestamp="2022-10-17T23:30:06 ART">
  <testcase classname="Selenium.TestNG.day3" name="MobilesignimcarLoan" time="0.002"/>
  <testcase classname="Selenium.TestNG.day3" name="MobileLogincarLoan" time="0.0">
    <ignored/>
  </testcase> <!-- MobileLogincarLoan -->
  <testcase classname="Selenium.TestNG.day3" name="MobilesignoutcarLoan" time="0.0">
    <ignored/>
  </testcase> <!-- MobilesignoutcarLoan -->
  <testcase classname="Selenium.TestNG.day3" name="WebloginCarLoan" time="0.0">
    <ignored/>
  </testcase> <!-- WebloginCarLoan -->
  <testcase classname="Selenium.TestNG.day3" name="APIcarLoan" time="0.0">
    <ignored/>
  </testcase> <!-- APIcarLoan -->
</testsuite> <!-- Test3 -->
