<?xml version="1.0" encoding="UTF-8"?>
<!-- Generated by org.testng.reporters.JUnitXMLReporter -->
<testsuite ignored="0" hostname="DESKTOP-59EA1U5" failures="0" tests="9" name="FirstTest" time="0.093" errors="0" timestamp="2022-10-17T23:54:41 ART">
  <testcase classname="Selenium.TestNG.day1" name="Demo" time="0.006"/>
  <testcase classname="Selenium.TestNG.day1" name="SecondTest" time="0.002"/>
  <testcase classname="Selenium.TestNG.day2" name="ploan" time="0.003"/>
  <testcase classname="Selenium.TestNG.day2" name="ploan2" time="0.001"/>
  <testcase classname="Selenium.TestNG.day3" name="APIcarLoan" time="0.002"/>
  <testcase classname="Selenium.TestNG.day3" name="MobileLogincarLoan" time="0.001"/>
  <testcase classname="Selenium.TestNG.day3" name="MobilesignimcarLoan" time="0.002"/>
  <testcase classname="Selenium.TestNG.day3" name="MobilesignoutcarLoan" time="0.002"/>
  <testcase classname="Selenium.TestNG.day3" name="WebloginCarLoan" time="0.003"/>
</testsuite> <!-- FirstTest -->
