<?xml version="1.0" encoding="UTF-8"?>
<!-- Generated by org.testng.reporters.JUnitXMLReporter -->
<testsuite ignored="0" hostname="DESKTOP-59EA1U5" failures="0" tests="5" name="Test2" time="0.034" errors="0" timestamp="2022-10-18T16:25:42 ART">
  <testcase classname="Selenium.TestNG.day2" name="ploan" time="0.001"/>
  <testcase classname="Selenium.TestNG.day2" name="ploan2" time="0.002"/>
  <testcase classname="Selenium.TestNG.day3" name="MobileLogincarLoan" time="0.001"/>
  <testcase classname="Selenium.TestNG.day3" name="MobilesignimcarLoan" time="0.001"/>
  <testcase classname="Selenium.TestNG.day3" name="WebloginCarLoan" time="0.001"/>
</testsuite> <!-- Test2 -->
