<?xml version="1.0" encoding="UTF-8"?>
<!-- Generated by org.testng.reporters.JUnitXMLReporter -->
<testsuite ignored="0" hostname="DESKTOP-59EA1U5" failures="0" tests="3" name="Test1" time="0.076" errors="0" timestamp="2022-10-18T16:25:42 ART">
  <testcase classname="Selenium.TestNG.day1" name="Zemo" time="0.007"/>
  <testcase classname="Selenium.TestNG.day1" name="SecondTest" time="0.004"/>
  <testcase classname="Selenium.TestNG.day1" name="SecondTest" time="0.002"/>
</testsuite> <!-- Test1 -->
